<?xml version="1.0" encoding="UTF-8"?>
<robot generator="Robot 4.0.1 (Python 3.7.10 on linux)" generated="20210522 10:50:04.471" rpa="false" schemaversion="2">
<suite id="s1" name="Test" source="/var/www/maxtechtesting/Test.robot">
<test id="s1-t1" name="TC 1">
<kw name="Open Browser To Login Page">
<kw name="Open Browser" library="Selenium2Library">
<arg>${URL}</arg>
<arg>${BROWSER}</arg>
<doc>Opens a new browser instance to the optional ``url``.</doc>
<msg timestamp="20210522 10:50:04.594" level="INFO">Opening browser 'chrome' to base url 'https:/sammy:admin@maxput.tech/oops'.</msg>
<status status="PASS" starttime="20210522 10:50:04.593" endtime="20210522 10:50:17.016"/>
</kw>
<kw name="Maximize Browser Window" library="Selenium2Library">
<doc>Maximizes current browser window.</doc>
<status status="PASS" starttime="20210522 10:50:17.017" endtime="20210522 10:50:17.124"/>
</kw>
<status status="PASS" starttime="20210522 10:50:04.593" endtime="20210522 10:50:17.125"/>
</kw>
<kw name="Enter Pass code">
<kw name="Input Text" library="Selenium2Library">
<arg>id=siteToken</arg>
<arg>${Pass}</arg>
<doc>Types the given ``text`` into the text field identified by ``locator``.</doc>
<msg timestamp="20210522 10:50:17.128" level="INFO">Typing text 'welcome@321' into text field 'id=siteToken'.</msg>
<status status="PASS" starttime="20210522 10:50:17.127" endtime="20210522 10:50:17.257"/>
</kw>
<kw name="Click Button" library="Selenium2Library">
<arg>Xpath=//*[@id="app"]/app-site-lock/div/div/mat-card/form/mat-card-content/div/button</arg>
<doc>Clicks the button identified by ``locator``.</doc>
<msg timestamp="20210522 10:50:17.258" level="INFO">Clicking button 'Xpath=//*[@id="app"]/app-site-lock/div/div/mat-card/form/mat-card-content/div/button'.</msg>
<status status="PASS" starttime="20210522 10:50:17.257" endtime="20210522 10:50:19.460"/>
</kw>
<kw name="Sleep" library="BuiltIn">
<arg>05</arg>
<doc>Pauses the test executed for the given time.</doc>
<msg timestamp="20210522 10:50:24.461" level="INFO">Slept 5 seconds</msg>
<status status="PASS" starttime="20210522 10:50:19.460" endtime="20210522 10:50:24.461"/>
</kw>
<kw name="Page Should Contain Image" library="Selenium2Library">
<arg>xpath=//*[@id="app"]/app-pages/mat-sidenav-container/mat-sidenav-content/mat-toolbar/mat-toolbar-row/div[1]/a/img</arg>
<doc>Verifies image identified by ``locator`` is found from current page.</doc>
<msg timestamp="20210522 10:50:24.608" level="INFO">Current page contains image 'xpath=//*[@id="app"]/app-pages/mat-sidenav-container/mat-sidenav-content/mat-toolbar/mat-toolbar-row/div[1]/a/img'.</msg>
<status status="PASS" starttime="20210522 10:50:24.461" endtime="20210522 10:50:24.608"/>
</kw>
<status status="PASS" starttime="20210522 10:50:17.126" endtime="20210522 10:50:24.608"/>
</kw>
<kw name="Click On My Account">
<kw name="Click Element" library="Selenium2Library">
<arg>xpath=//*[@id="app"]/app-pages/mat-sidenav-container/mat-sidenav-content/mat-toolbar/mat-toolbar-row/div[4]/app-top-menu/div/a</arg>
<doc>Click the element identified by ``locator``.</doc>
<msg timestamp="20210522 10:50:24.609" level="INFO">Clicking element 'xpath=//*[@id="app"]/app-pages/mat-sidenav-container/mat-sidenav-content/mat-toolbar/mat-toolbar-row/div[4]/app-top-menu/div/a'.</msg>
<status status="PASS" starttime="20210522 10:50:24.608" endtime="20210522 10:50:24.725"/>
</kw>
<kw name="Click Element" library="Selenium2Library">
<arg>xpath=//*[@id="mat-menu-panel-0"]/div/span/button[1]</arg>
<doc>Click the element identified by ``locator``.</doc>
<msg timestamp="20210522 10:50:24.726" level="INFO">Clicking element 'xpath=//*[@id="mat-menu-panel-0"]/div/span/button[1]'.</msg>
<status status="PASS" starttime="20210522 10:50:24.725" endtime="20210522 10:50:25.016"/>
</kw>
<kw name="Sleep" library="BuiltIn">
<arg>05</arg>
<doc>Pauses the test executed for the given time.</doc>
<msg timestamp="20210522 10:50:30.016" level="INFO">Slept 5 seconds</msg>
<status status="PASS" starttime="20210522 10:50:25.016" endtime="20210522 10:50:30.017"/>
</kw>
<status status="PASS" starttime="20210522 10:50:24.608" endtime="20210522 10:50:30.017"/>
</kw>
<kw name="Enter value in login field">
<kw name="Click Element" library="Selenium2Library">
<arg>xpath=//*[@id="email"]</arg>
<doc>Click the element identified by ``locator``.</doc>
<msg timestamp="20210522 10:50:30.020" level="INFO">Clicking element 'xpath=//*[@id="email"]'.</msg>
<status status="PASS" starttime="20210522 10:50:30.019" endtime="20210522 10:50:30.070"/>
</kw>
<kw name="Input Text" library="Selenium2Library">
<arg>id=email</arg>
<arg>${Sign-inEmail}</arg>
<doc>Types the given ``text`` into the text field identified by ``locator``.</doc>
<msg timestamp="20210522 10:50:30.071" level="INFO">Typing text 'sk@maxput.com' into text field 'id=email'.</msg>
<status status="PASS" starttime="20210522 10:50:30.070" endtime="20210522 10:50:30.147"/>
</kw>
<kw name="Click Element" library="Selenium2Library">
<arg>xpath=//*[@id="password"]</arg>
<doc>Click the element identified by ``locator``.</doc>
<msg timestamp="20210522 10:50:30.147" level="INFO">Clicking element 'xpath=//*[@id="password"]'.</msg>
<status status="PASS" starttime="20210522 10:50:30.147" endtime="20210522 10:50:30.195"/>
</kw>
<kw name="Input Text" library="Selenium2Library">
<arg>id=password</arg>
<arg>${Password}</arg>
<doc>Types the given ``text`` into the text field identified by ``locator``.</doc>
<msg timestamp="20210522 10:50:30.195" level="INFO">Typing text 'nopass' into text field 'id=password'.</msg>
<status status="PASS" starttime="20210522 10:50:30.195" endtime="20210522 10:50:30.257"/>
</kw>
<kw name="Sleep" library="BuiltIn">
<arg>05</arg>
<doc>Pauses the test executed for the given time.</doc>
<msg timestamp="20210522 10:50:35.258" level="INFO">Slept 5 seconds</msg>
<status status="PASS" starttime="20210522 10:50:30.257" endtime="20210522 10:50:35.258"/>
</kw>
<kw name="Click Button" library="Selenium2Library">
<arg>xpath=//*[@id="app"]/app-pages/mat-sidenav-container/mat-sidenav-content/div/app-sign-in/mat-card/div[2]/div[1]/form/div/div[1]/div/button</arg>
<doc>Clicks the button identified by ``locator``.</doc>
<msg timestamp="20210522 10:50:35.260" level="INFO">Clicking button 'xpath=//*[@id="app"]/app-pages/mat-sidenav-container/mat-sidenav-content/div/app-sign-in/mat-card/div[2]/div[1]/form/div/div[1]/div/button'.</msg>
<status status="PASS" starttime="20210522 10:50:35.259" endtime="20210522 10:50:35.334"/>
</kw>
<kw name="Sleep" library="BuiltIn">
<arg>08</arg>
<doc>Pauses the test executed for the given time.</doc>
<msg timestamp="20210522 10:50:43.335" level="INFO">Slept 8 seconds</msg>
<status status="PASS" starttime="20210522 10:50:35.334" endtime="20210522 10:50:43.335"/>
</kw>
<status status="PASS" starttime="20210522 10:50:30.018" endtime="20210522 10:50:43.336"/>
</kw>
<kw name="Sign out">
<kw name="Click Element" library="Selenium2Library">
<arg>xpath=//*[@id="app"]/app-pages/mat-sidenav-container/mat-sidenav-content/mat-toolbar/mat-toolbar-row/div[4]/app-top-menu/div/a/span</arg>
<doc>Click the element identified by ``locator``.</doc>
<msg timestamp="20210522 10:50:43.339" level="INFO">Clicking element 'xpath=//*[@id="app"]/app-pages/mat-sidenav-container/mat-sidenav-content/mat-toolbar/mat-toolbar-row/div[4]/app-top-menu/div/a/span'.</msg>
<status status="PASS" starttime="20210522 10:50:43.338" endtime="20210522 10:50:43.419"/>
</kw>
<kw name="Click Element" library="Selenium2Library">
<arg>xpath=//*[@id="mat-menu-panel-0"]/div/span/button</arg>
<doc>Click the element identified by ``locator``.</doc>
<msg timestamp="20210522 10:50:43.420" level="INFO">Clicking element 'xpath=//*[@id="mat-menu-panel-0"]/div/span/button'.</msg>
<status status="PASS" starttime="20210522 10:50:43.419" endtime="20210522 10:50:43.633"/>
</kw>
<kw name="Sleep" library="BuiltIn">
<arg>05</arg>
<doc>Pauses the test executed for the given time.</doc>
<msg timestamp="20210522 10:50:48.634" level="INFO">Slept 5 seconds</msg>
<status status="PASS" starttime="20210522 10:50:43.633" endtime="20210522 10:50:48.634"/>
</kw>
<status status="PASS" starttime="20210522 10:50:43.337" endtime="20210522 10:50:48.635"/>
</kw>
<kw name="Search Product By All">
<kw name="Click Element" library="Selenium2Library">
<arg>xpath=//*[@id="app"]/app-pages/mat-sidenav-container/mat-sidenav-content/mat-toolbar/mat-toolbar-row/div[2]/form/div/div</arg>
<doc>Click the element identified by ``locator``.</doc>
<msg timestamp="20210522 10:50:48.637" level="INFO">Clicking element 'xpath=//*[@id="app"]/app-pages/mat-sidenav-container/mat-sidenav-content/mat-toolbar/mat-toolbar-row/div[2]/form/div/div'.</msg>
<status status="PASS" starttime="20210522 10:50:48.636" endtime="20210522 10:51:32.664"/>
</kw>
<kw name="Click Element" library="Selenium2Library">
<arg>xpath=//input[@id='product_name']</arg>
<doc>Click the element identified by ``locator``.</doc>
<msg timestamp="20210522 10:51:32.664" level="INFO">Clicking element 'xpath=//input[@id='product_name']'.</msg>
<status status="PASS" starttime="20210522 10:51:32.664" endtime="20210522 10:51:32.708"/>
</kw>
<kw name="Input Text" library="Selenium2Library">
<arg>xpath=//input[@id='product_name']</arg>
<arg>${Search_Product_by_all}</arg>
<doc>Types the given ``text`` into the text field identified by ``locator``.</doc>
<msg timestamp="20210522 10:51:32.708" level="INFO">Typing text '' into text field 'xpath=//input[@id='product_name']'.</msg>
<status status="PASS" starttime="20210522 10:51:32.708" endtime="20210522 10:51:32.751"/>
</kw>
<kw name="Sleep" library="BuiltIn">
<arg>03</arg>
<doc>Pauses the test executed for the given time.</doc>
<msg timestamp="20210522 10:51:35.752" level="INFO">Slept 3 seconds</msg>
<status status="PASS" starttime="20210522 10:51:32.752" endtime="20210522 10:51:35.752"/>
</kw>
<kw name="Click Element" library="Selenium2Library">
<arg>xpath=//*[@id="app"]/app-pages/mat-sidenav-container/mat-sidenav-content/mat-toolbar/mat-toolbar-row/div[2]/form/div/div/button</arg>
<doc>Click the element identified by ``locator``.</doc>
<msg timestamp="20210522 10:51:35.754" level="INFO">Clicking element 'xpath=//*[@id="app"]/app-pages/mat-sidenav-container/mat-sidenav-content/mat-toolbar/mat-toolbar-row/div[2]/form/div/div/button'.</msg>
<kw name="Capture Page Screenshot" library="Selenium2Library">
<doc>Takes a screenshot of the current page and embeds it into a log file.</doc>
<msg timestamp="20210522 10:51:37.191" level="INFO" html="true">&lt;/td&gt;&lt;/tr&gt;&lt;tr&gt;&lt;td colspan="3"&gt;&lt;a href="selenium-screenshot-1.png"&gt;&lt;img src="selenium-screenshot-1.png" width="800px"&gt;&lt;/a&gt;</msg>
<status status="PASS" starttime="20210522 10:51:36.872" endtime="20210522 10:51:37.192"/>
</kw>
<msg timestamp="20210522 10:51:37.193" level="FAIL">ElementClickInterceptedException: Message: element click intercepted: Element &lt;button _ngcontent-my-app-c245="" type="submit" class="searchButton"&gt;...&lt;/button&gt; is not clickable at point (754, 39). Other element would receive the click: &lt;div _ngcontent-my-app-c8="" class="overlay ng-tns-c8-0 ng-trigger ng-trigger-fadeIn ng-star-inserted" style="background-color: rgba(51, 51, 51, 0.19); z-index: 99999; position: fixed; opacity: 1;"&gt;...&lt;/div&gt;
  (Session info: chrome=90.0.4430.93)
</msg>
<status status="FAIL" starttime="20210522 10:51:35.753" endtime="20210522 10:51:37.193"/>
</kw>
<kw name="Sleep" library="BuiltIn">
<arg>05</arg>
<doc>Pauses the test executed for the given time.</doc>
<status status="NOT RUN" starttime="20210522 10:51:37.193" endtime="20210522 10:51:37.193"/>
</kw>
<status status="FAIL" starttime="20210522 10:50:48.635" endtime="20210522 10:51:37.193"/>
</kw>
<kw name="Search Product">
<status status="NOT RUN" starttime="20210522 10:51:37.193" endtime="20210522 10:51:37.193"/>
</kw>
<status status="FAIL" starttime="20210522 10:50:04.592" endtime="20210522 10:51:37.194">ElementClickInterceptedException: Message: element click intercepted: Element &lt;button _ngcontent-my-app-c245="" type="submit" class="searchButton"&gt;...&lt;/button&gt; is not clickable at point (754, 39). Other element would receive the click: &lt;div _ngcontent-my-app-c8="" class="overlay ng-tns-c8-0 ng-trigger ng-trigger-fadeIn ng-star-inserted" style="background-color: rgba(51, 51, 51, 0.19); z-index: 99999; position: fixed; opacity: 1;"&gt;...&lt;/div&gt;
  (Session info: chrome=90.0.4430.93)
</status>
</test>
<doc>This is a simple test with Robot Framework</doc>
<status status="FAIL" starttime="20210522 10:50:04.472" endtime="20210522 10:51:37.194"/>
</suite>
<statistics>
<total>
<stat pass="0" fail="1" skip="0">All Tests</stat>
</total>
<tag>
</tag>
<suite>
<stat pass="0" fail="1" skip="0" id="s1" name="Test">Test</stat>
</suite>
</statistics>
<errors>
</errors>
</robot>
